# JRE version: OpenJDK Runtime Environment (17.0.14+7) (build 17.0.14+7)
# Java VM: OpenJDK 64-Bit Server VM (17.0.14+7, mixed mode, sharing, tiered, compressed oops, compressed class ptrs, g1 gc, linux-amd64)
GC Precious Log:
 CPUs: 16 total, 16 available
 Memory: 64047M
 Large Page Support: Disabled
 NUMA Support: Disabled
 Compressed Oops: Enabled (Zero based)
 Heap Region Size: 8M
 Heap Min Capacity: 8M
 Heap Initial Capacity: 1008M
 Heap Max Capacity: 16016M
 Pre-touch: Disabled
 Parallel Workers: 13
 Concurrent Workers: 3
 Concurrent Refinement Workers: 13
 Periodic GC: Disabled
Heap:
 garbage-first heap   total 819200K, used 223912K [0x0000000417000000, 0x0000000800000000)
  region size 8192K, 3 young (24576K), 1 survivors (8192K)
 Metaspace       used 29091K, committed 29376K, reserved 1114112K
  class space    used 3372K, committed 3520K, reserved 1048576K
GC Heap History (20 events):
Event: 0,495 GC heap before
{Heap before GC invocations=3 (full 0):
 garbage-first heap   total 1048576K, used 91186K [0x0000000417000000, 0x0000000800000000)
  region size 8192K, 6 young (49152K), 1 survivors (8192K)
 Metaspace       used 7692K, committed 7872K, reserved 1114112K
  class space    used 800K, committed 896K, reserved 1048576K
}
Event: 0,506 GC heap after
{Heap after GC invocations=4 (full 0):
 garbage-first heap   total 1048576K, used 63198K [0x0000000417000000, 0x0000000800000000)
  region size 8192K, 1 young (8192K), 1 survivors (8192K)
 Metaspace       used 7692K, committed 7872K, reserved 1114112K
  class space    used 800K, committed 896K, reserved 1048576K
}
Event: 0,879 GC heap before
{Heap before GC invocations=4 (full 0):
 garbage-first heap   total 1048576K, used 145118K [0x0000000417000000, 0x0000000800000000)
  region size 8192K, 11 young (90112K), 1 survivors (8192K)
 Metaspace       used 17611K, committed 17792K, reserved 1114112K
  class space    used 1933K, committed 1984K, reserved 1048576K
}
Event: 0,899 GC heap after
{Heap after GC invocations=5 (full 0):
 garbage-first heap   total 2097152K, used 77793K [0x0000000417000000, 0x0000000800000000)
  region size 8192K, 2 young (16384K), 2 survivors (16384K)
 Metaspace       used 17611K, committed 17792K, reserved 1114112K
  class space    used 1933K, committed 1984K, reserved 1048576K
}
Event: 1,077 GC heap before
{Heap before GC invocations=5 (full 0):
 garbage-first heap   total 2097152K, used 167905K [0x0000000417000000, 0x0000000800000000)
  region size 8192K, 14 young (114688K), 2 survivors (16384K)
 Metaspace       used 17657K, committed 17792K, reserved 1114112K
  class space    used 1934K, committed 1984K, reserved 1048576K
}
Event: 1,101 GC heap after
{Heap after GC invocations=6 (full 0):
 garbage-first heap   total 2097152K, used 101566K [0x0000000417000000, 0x0000000800000000)
  region size 8192K, 2 young (16384K), 2 survivors (16384K)
 Metaspace       used 17657K, committed 17792K, reserved 1114112K
  class space    used 1934K, committed 1984K, reserved 1048576K
}
Event: 1,303 GC heap before
{Heap before GC invocations=6 (full 0):
 garbage-first heap   total 2097152K, used 216254K [0x0000000417000000, 0x0000000800000000)
  region size 8192K, 17 young (139264K), 2 survivors (16384K)
 Metaspace       used 18870K, committed 19072K, reserved 1114112K
  class space    used 2084K, committed 2176K, reserved 1048576K
}
Event: 1,327 GC heap after
{Heap after GC invocations=7 (full 0):
 garbage-first heap   total 2097152K, used 130189K [0x0000000417000000, 0x0000000800000000)
  region size 8192K, 3 young (24576K), 3 survivors (24576K)
 Metaspace       used 18870K, committed 19072K, reserved 1114112K
  class space    used 2084K, committed 2176K, reserved 1048576K
}
Event: 1,423 GC heap before
{Heap before GC invocations=7 (full 0):
 garbage-first heap   total 2097152K, used 261261K [0x0000000417000000, 0x0000000800000000)
  region size 8192K, 20 young (163840K), 3 survivors (24576K)
 Metaspace       used 19713K, committed 19968K, reserved 1114112K
  class space    used 2221K, committed 2304K, reserved 1048576K
}
Event: 1,444 GC heap after
{Heap after GC invocations=8 (full 0):
 garbage-first heap   total 2097152K, used 153243K [0x0000000417000000, 0x0000000800000000)
  region size 8192K, 3 young (24576K), 3 survivors (24576K)
 Metaspace       used 19713K, committed 19968K, reserved 1114112K
  class space    used 2221K, committed 2304K, reserved 1048576K
}
Event: 1,540 GC heap before
{Heap before GC invocations=8 (full 0):
 garbage-first heap   total 2097152K, used 325275K [0x0000000417000000, 0x0000000800000000)
  region size 8192K, 25 young (204800K), 3 survivors (24576K)
 Metaspace       used 19834K, committed 20032K, reserved 1114112K
  class space    used 2234K, committed 2304K, reserved 1048576K
}
Event: 1,572 GC heap after
{Heap after GC invocations=9 (full 0):
 garbage-first heap   total 4194304K, used 194519K [0x0000000417000000, 0x0000000800000000)
  region size 8192K, 4 young (32768K), 4 survivors (32768K)
 Metaspace       used 19834K, committed 20032K, reserved 1114112K
  class space    used 2234K, committed 2304K, reserved 1048576K
}
Event: 1,691 GC heap before
{Heap before GC invocations=9 (full 0):
 garbage-first heap   total 4194304K, used 317399K [0x0000000417000000, 0x0000000800000000)
  region size 8192K, 21 young (172032K), 4 survivors (32768K)
 Metaspace       used 21333K, committed 21504K, reserved 1114112K
  class space    used 2396K, committed 2496K, reserved 1048576K
}
Event: 1,714 GC heap after
{Heap after GC invocations=10 (full 0):
 garbage-first heap   total 4194304K, used 222685K [0x0000000417000000, 0x0000000800000000)
  region size 8192K, 4 young (32768K), 4 survivors (32768K)
 Metaspace       used 21333K, committed 21504K, reserved 1114112K
  class space    used 2396K, committed 2496K, reserved 1048576K
}
Event: 2,246 GC heap before
{Heap before GC invocations=11 (full 0):
 garbage-first heap   total 819200K, used 525789K [0x0000000417000000, 0x0000000800000000)
  region size 8192K, 42 young (344064K), 4 survivors (32768K)
 Metaspace       used 28254K, committed 28608K, reserved 1114112K
  class space    used 3287K, committed 3456K, reserved 1048576K
}
Event: 2,297 GC heap after
{Heap after GC invocations=12 (full 0):
 garbage-first heap   total 819200K, used 293536K [0x0000000417000000, 0x0000000800000000)
  region size 8192K, 6 young (49152K), 6 survivors (49152K)
 Metaspace       used 28254K, committed 28608K, reserved 1114112K
  class space    used 3287K, committed 3456K, reserved 1048576K
}
Event: 2,299 GC heap before
{Heap before GC invocations=12 (full 0):
 garbage-first heap   total 819200K, used 293536K [0x0000000417000000, 0x0000000800000000)
  region size 8192K, 7 young (57344K), 6 survivors (49152K)
 Metaspace       used 28255K, committed 28608K, reserved 1114112K
  class space    used 3287K, committed 3456K, reserved 1048576K
}
Event: 2,326 GC heap after
{Heap after GC invocations=13 (full 0):
 garbage-first heap   total 819200K, used 224448K [0x0000000417000000, 0x0000000800000000)
  region size 8192K, 1 young (8192K), 1 survivors (8192K)
 Metaspace       used 28255K, committed 28608K, reserved 1114112K
  class space    used 3287K, committed 3456K, reserved 1048576K
}
Event: 2,341 GC heap before
{Heap before GC invocations=13 (full 0):
 garbage-first heap   total 819200K, used 249024K [0x0000000417000000, 0x0000000800000000)
  region size 8192K, 5 young (40960K), 1 survivors (8192K)
 Metaspace       used 28279K, committed 28608K, reserved 1114112K
  class space    used 3291K, committed 3456K, reserved 1048576K
}
Event: 2,343 GC heap after
{Heap after GC invocations=14 (full 0):
 garbage-first heap   total 819200K, used 215720K [0x0000000417000000, 0x0000000800000000)
  region size 8192K, 1 young (8192K), 1 survivors (8192K)
 Metaspace       used 28279K, committed 28608K, reserved 1114112K
  class space    used 3291K, committed 3456K, reserved 1048576K
}

